FC2E .START (2018-05-27 13:07:47) phpCAS-1.3.5+ ****************** [CAS.php:468]
FC2E .=> phpCAS::client('2.0', 'cas.insa-toulouse.fr', 443, 'cas', true) [CAS.php:17]
FC2E .|    => CAS_Client::__construct('2.0', false, 'cas.insa-toulouse.fr', 443, 'cas', true) [CAS.php:360]
FC2E .|    |    Session is authenticated as: hros [Client.php:936]
FC2E .|    <= ''
FC2E .<= ''
FC2E .=> phpCAS::setNoCasServerValidation() [CAS.php:25]
FC2E .|    You have configured no validation of the legitimacy of the cas server. This is not recommended for production use. [CAS.php:1644]
FC2E .<= ''
FC2E .=> phpCAS::forceAuthentication() [CAS.php:28]
FC2E .|    => CAS_Client::forceAuthentication() [CAS.php:1098]
FC2E .|    |    => CAS_Client::isAuthenticated() [Client.php:1280]
FC2E .|    |    |    => CAS_Client::_wasPreviouslyAuthenticated() [Client.php:1393]
FC2E .|    |    |    |    user = `hros' [Client.php:1622]
FC2E .|    |    |    <= true
FC2E .|    |    |    user was already authenticated, no need to look for tickets [Client.php:1417]
FC2E .|    |    <= true
FC2E .|    |    no need to authenticate [Client.php:1282]
FC2E .|    <= true
FC2E .<= ''
A8B9 .START (2018-05-27 13:07:50) phpCAS-1.3.5+ ****************** [CAS.php:468]
A8B9 .=> phpCAS::client('2.0', 'cas.insa-toulouse.fr', 443, 'cas', true) [CAS.php:17]
A8B9 .|    => CAS_Client::__construct('2.0', false, 'cas.insa-toulouse.fr', 443, 'cas', true) [CAS.php:360]
A8B9 .|    |    Session is authenticated as: hros [Client.php:936]
A8B9 .|    <= ''
A8B9 .<= ''
A8B9 .=> phpCAS::setNoCasServerValidation() [CAS.php:25]
A8B9 .|    You have configured no validation of the legitimacy of the cas server. This is not recommended for production use. [CAS.php:1644]
A8B9 .<= ''
A8B9 .=> phpCAS::forceAuthentication() [CAS.php:28]
A8B9 .|    => CAS_Client::forceAuthentication() [CAS.php:1098]
A8B9 .|    |    => CAS_Client::isAuthenticated() [Client.php:1280]
A8B9 .|    |    |    => CAS_Client::_wasPreviouslyAuthenticated() [Client.php:1393]
A8B9 .|    |    |    |    user = `hros' [Client.php:1622]
A8B9 .|    |    |    <= true
A8B9 .|    |    |    user was already authenticated, no need to look for tickets [Client.php:1417]
A8B9 .|    |    <= true
A8B9 .|    |    no need to authenticate [Client.php:1282]
A8B9 .|    <= true
A8B9 .<= ''
CE3A .START (2018-05-27 13:07:52) phpCAS-1.3.5+ ****************** [CAS.php:468]
CE3A .=> phpCAS::client('2.0', 'cas.insa-toulouse.fr', 443, 'cas', true) [CAS.php:17]
CE3A .|    => CAS_Client::__construct('2.0', false, 'cas.insa-toulouse.fr', 443, 'cas', true) [CAS.php:360]
CE3A .|    |    Session is authenticated as: hros [Client.php:936]
CE3A .|    <= ''
CE3A .<= ''
CE3A .=> phpCAS::setNoCasServerValidation() [CAS.php:25]
CE3A .|    You have configured no validation of the legitimacy of the cas server. This is not recommended for production use. [CAS.php:1644]
CE3A .<= ''
CE3A .=> phpCAS::forceAuthentication() [CAS.php:28]
CE3A .|    => CAS_Client::forceAuthentication() [CAS.php:1098]
CE3A .|    |    => CAS_Client::isAuthenticated() [Client.php:1280]
CE3A .|    |    |    => CAS_Client::_wasPreviouslyAuthenticated() [Client.php:1393]
CE3A .|    |    |    |    user = `hros' [Client.php:1622]
CE3A .|    |    |    <= true
CE3A .|    |    |    user was already authenticated, no need to look for tickets [Client.php:1417]
CE3A .|    |    <= true
CE3A .|    |    no need to authenticate [Client.php:1282]
CE3A .|    <= true
CE3A .<= ''
AECB .START (2018-05-27 13:07:53) phpCAS-1.3.5+ ****************** [CAS.php:468]
AECB .=> phpCAS::client('2.0', 'cas.insa-toulouse.fr', 443, 'cas', true) [CAS.php:17]
AECB .|    => CAS_Client::__construct('2.0', false, 'cas.insa-toulouse.fr', 443, 'cas', true) [CAS.php:360]
AECB .|    |    Session is authenticated as: hros [Client.php:936]
AECB .|    <= ''
AECB .<= ''
AECB .=> phpCAS::setNoCasServerValidation() [CAS.php:25]
AECB .|    You have configured no validation of the legitimacy of the cas server. This is not recommended for production use. [CAS.php:1644]
AECB .<= ''
AECB .=> phpCAS::forceAuthentication() [CAS.php:28]
AECB .|    => CAS_Client::forceAuthentication() [CAS.php:1098]
AECB .|    |    => CAS_Client::isAuthenticated() [Client.php:1280]
AECB .|    |    |    => CAS_Client::_wasPreviouslyAuthenticated() [Client.php:1393]
AECB .|    |    |    |    user = `hros' [Client.php:1622]
AECB .|    |    |    <= true
AECB .|    |    |    user was already authenticated, no need to look for tickets [Client.php:1417]
AECB .|    |    <= true
AECB .|    |    no need to authenticate [Client.php:1282]
AECB .|    <= true
AECB .<= ''
